交易日期,           商品代號,        交割年月,        成交時間,          成交價格,         成交數量(B+S) 
---------- ---- ------- ---- ------- ---- --------- ---- -------- ---- ---------
20000320   ,    TE      ,    200004  ,    09000700  ,    424.8    ,    1
20000320   ,    TE      ,    200004  ,    09000700  ,    424.8    ,    2
20000320   ,    TE      ,    200004  ,    09000700  ,    424.8    ,    1
20000320   ,    TE      ,    200004  ,    09000700  ,    424.8    ,    1
20000320   ,    TE      ,    200004  ,    09000700  ,    424.8    ,    2
20000320   ,    TE      ,    200004  ,    09000700  ,    424.8    ,    1
20000320   ,    TE      ,    200004  ,    09000700  ,    424.8    ,    1
20000320   ,    TE      ,    200004  ,    09000700  ,    424.8    ,    2
20000320   ,    TE      ,    200004  ,    09000700  ,    424.8    ,    1
20000320   ,    TE      ,    200004  ,    09000700  ,    424.8    ,    1
20000320   ,    TE      ,    200004  ,    09000700  ,    424.8    ,    1
20000320   ,    TE      ,    200004  ,    09000700  ,    424.8    ,    1
20000320   ,    TE      ,    200004  ,    09000700  ,    424.8    ,    1
20000320   ,    TE      ,    200004  ,    09000700  ,    424.8    ,    1
20000320   ,    TE      ,    200004  ,    09000700  ,    424.8    ,    5
20000320   ,    TE      ,    200004  ,    09000700  ,    424.8    ,    1
20000320   ,    TE      ,    200004  ,    09000700  ,    424.8    ,    1
20000320   ,    TE      ,    200004  ,    09014700  ,    424.8    ,    1
20000320   ,    TE      ,    200004  ,    09014700  ,    424.8    ,    1
20000320   ,    TE      ,    200004  ,    09133700  ,    424.8    ,    1
20000320   ,    TE      ,    200004  ,    09133700  ,    424.8    ,    1
20000320   ,    TE      ,    200004  ,    09160700  ,    424.8    ,    3
20000320   ,    TE      ,    200004  ,    09160700  ,    424.8    ,    3
20000320   ,    TE      ,    200004  ,    09170700  ,    424.8    ,    1
20000320   ,    TE      ,    200004  ,    09170700  ,    424.8    ,    1
20000320   ,    TE      ,    200004  ,    09182700  ,    424.8    ,    1
20000320   ,    TE      ,    200004  ,    09182700  ,    424.8    ,    2
20000320   ,    TE      ,    200004  ,    09182700  ,    424.8    ,    1
20000320   ,    TE      ,    200004  ,    09255700  ,    424.8    ,    1
20000320   ,    TE      ,    200004  ,    09255700  ,    424.8    ,    1
20000320   ,    TE      ,    200004  ,    09255700  ,    424.8    ,    3
20000320   ,    TE      ,    200004  ,    09255700  ,    424.8    ,    1
20000320   ,    TE      ,    200004  ,    09262700  ,    424.8    ,    1
20000320   ,    TE      ,    200004  ,    09262700  ,    424.8    ,    1
20000320   ,    TE      ,    200004  ,    09280700  ,    424.8    ,    1
20000320   ,    TE      ,    200004  ,    09280700  ,    424.8    ,    1
20000320   ,    TE      ,    200004  ,    09280700  ,    424.8    ,    2
20000320   ,    TE      ,    200004  ,    09392700  ,    424.8    ,    2
20000320   ,    TE      ,    200004  ,    09392700  ,    424.8    ,    1
20000320   ,    TE      ,    200004  ,    09392700  ,    424.8    ,    5
20000320   ,    TE      ,    200004  ,    09392700  ,    424.8    ,    1
20000320   ,    TE      ,    200004  ,    09392700  ,    424.8    ,    1
20000320   ,    TE      ,    200004  ,    09395700  ,    424.8    ,    1
20000320   ,    TE      ,    200004  ,    09395700  ,    424.8    ,    1
20000320   ,    TE      ,    200004  ,    09401700  ,    424.8    ,    1
20000320   ,    TE      ,    200004  ,    09401700  ,    424.8    ,    1
20000320   ,    TE      ,    200004  ,    09405700  ,    424.8    ,    2
20000320   ,    TE      ,    200004  ,    09405700  ,    424.8    ,    2
20000320   ,    TE      ,    200004  ,    09405700  ,    424.8    ,    1
20000320   ,    TE      ,    200004  ,    09405700  ,    424.8    ,    5
20000320   ,    TE      ,    200004  ,    09410700  ,    424.8    ,    1
20000320   ,    TE      ,    200004  ,    09410700  ,    424.8    ,    1
20000320   ,    TE      ,    200004  ,    09410700  ,    424.8    ,    1
20000320   ,    TE      ,    200004  ,    09410700  ,    424.8    ,    1
20000320   ,    TE      ,    200004  ,    09411700  ,    424.8    ,    1
20000320   ,    TE      ,    200004  ,    09411700  ,    424.8    ,    1
20000320   ,    TE      ,    200004  ,    09411700  ,    424.8    ,    2
20000320   ,    TE      ,    200004  ,    09413700  ,    424.8    ,    1
20000320   ,    TE      ,    200004  ,    09413700  ,    424.8    ,    1
20000320   ,    TE      ,    200004  ,    09414700  ,    424.8    ,    5
20000320   ,    TE      ,    200004  ,    09414700  ,    424.8    ,    5
20000320   ,    TE      ,    200004  ,    09420700  ,    424.8    ,    1
20000320   ,    TE      ,    200004  ,    09420700  ,    424.8    ,    1
20000320   ,    TE      ,    200004  ,    09421700  ,    424.8    ,    1
20000320   ,    TE      ,    200004  ,    09421700  ,    424.8    ,    1
20000320   ,    TE      ,    200004  ,    09424700  ,    424.8    ,    1
20000320   ,    TE      ,    200004  ,    09424700  ,    424.8    ,    1
20000320   ,    TE      ,    200004  ,    09425700  ,    424.8    ,    1
20000320   ,    TE      ,    200004  ,    09425700  ,    424.8    ,    1
20000320   ,    TE      ,    200004  ,    09431700  ,    424.8    ,    2
20000320   ,    TE      ,    200004  ,    09431700  ,    424.8    ,    2
20000320   ,    TE      ,    200004  ,    09434700  ,    424.8    ,    1
20000320   ,    TE      ,    200004  ,    09434700  ,    424.8    ,    1
20000320   ,    TE      ,    200004  ,    09435700  ,    424.8    ,    1
20000320   ,    TE      ,    200004  ,    09435700  ,    424.8    ,    1
20000320   ,    TE      ,    200004  ,    09440700  ,    424.8    ,    2
20000320   ,    TE      ,    200004  ,    09440700  ,    424.8    ,    1
20000320   ,    TE      ,    200004  ,    09440700  ,    424.8    ,    1
20000320   ,    TE      ,    200004  ,    09440700  ,    424.8    ,    1
20000320   ,    TE      ,    200004  ,    09440700  ,    424.8    ,    2
20000320   ,    TE      ,    200004  ,    09440700  ,    424.8    ,    5
20000320   ,    TE      ,    200004  ,    09441700  ,    424.8    ,    5
20000320   ,    TE      ,    200004  ,    09441700  ,    424.8    ,    5
20000320   ,    TE      ,    200004  ,    09442700  ,    424.8    ,    1
20000320   ,    TE      ,    200004  ,    09442700  ,    424.8    ,    1
20000320   ,    TE      ,    200004  ,    09443700  ,    424.8    ,    1
20000320   ,    TE      ,    200004  ,    09443700  ,    424.8    ,    1
20000320   ,    TE      ,    200004  ,    09443700  ,    424.8    ,    5
20000320   ,    TE      ,    200004  ,    09443700  ,    424.8    ,    1
20000320   ,    TE      ,    200004  ,    09443700  ,    424.8    ,    1
20000320   ,    TE      ,    200004  ,    09443700  ,    424.8    ,    1
20000320   ,    TE      ,    200004  ,    09443700  ,    424.8    ,    1
20000320   ,    TE      ,    200004  ,    09443700  ,    424.8    ,    2
20000320   ,    TE      ,    200004  ,    09443700  ,    424.8    ,    1
20000320   ,    TE      ,    200004  ,    09443700  ,    424.8    ,    1
20000320   ,    TE      ,    200004  ,    09443700  ,    424.8    ,    1
20000320   ,    TE      ,    200004  ,    09444700  ,    424.8    ,    3
20000320   ,    TE      ,    200004  ,    09444700  ,    424.8    ,    3
20000320   ,    TE      ,    200004  ,    09445700  ,    424.8    ,    1
20000320   ,    TE      ,    200004  ,    09445700  ,    424.8    ,    1
20000320   ,    TE      ,    200004  ,    09450700  ,    424.8    ,    1
20000320   ,    TE      ,    200004  ,    09450700  ,    424.8    ,    1
20000320   ,    TE      ,    200004  ,    09450700  ,    424.8    ,    5
20000320   ,    TE      ,    200004  ,    09450700  ,    424.8    ,    1
20000320   ,    TE      ,    200004  ,    09450700  ,    424.8    ,    1
20000320   ,    TE      ,    200004  ,    09450700  ,    424.8    ,    4
20000320   ,    TE      ,    200004  ,    09450700  ,    424.8    ,    1
20000320   ,    TE      ,    200004  ,    09450700  ,    424.8    ,    2
20000320   ,    TE      ,    200004  ,    09450700  ,    424.8    ,    1
20000320   ,    TE      ,    200004  ,    09450700  ,    424.8    ,    3
20000320   ,    TE      ,    200004  ,    09450700  ,    424.8    ,    1
20000320   ,    TE      ,    200004  ,    09450700  ,    424.8    ,    1
20000320   ,    TE      ,    200004  ,    09450700  ,    424.8    ,    2
20000320   ,    TE      ,    200004  ,    09450700  ,    424.8    ,    1
20000320   ,    TE      ,    200004  ,    09450700  ,    424.8    ,    2
20000320   ,    TE      ,    200004  ,    09450700  ,    424.8    ,    1
20000320   ,    TE      ,    200004  ,    09450700  ,    424.8    ,    1
20000320   ,    TE      ,    200004  ,    09450700  ,    424.8    ,    100
20000320   ,    TE      ,    200004  ,    09450700  ,    424.8    ,    1
20000320   ,    TE      ,    200004  ,    09450700  ,    424.8    ,    1
20000320   ,    TE      ,    200004  ,    09450700  ,    424.8    ,    3
20000320   ,    TE      ,    200004  ,    09450700  ,    424.8    ,    1
20000320   ,    TE      ,    200004  ,    09450700  ,    424.8    ,    1
20000320   ,    TE      ,    200004  ,    09450700  ,    424.8    ,    1
20000320   ,    TE      ,    200004  ,    09450700  ,    424.8    ,    1
20000320   ,    TE      ,    200004  ,    09450700  ,    424.8    ,    2
20000320   ,    TE      ,    200004  ,    09450700  ,    424.8    ,    1
20000320   ,    TE      ,    200004  ,    09450700  ,    424.8    ,    2
20000320   ,    TE      ,    200004  ,    09450700  ,    424.8    ,    1
20000320   ,    TE      ,    200004  ,    09450700  ,    424.8    ,    4
20000320   ,    TE      ,    200004  ,    09450700  ,    424.8    ,    1
20000320   ,    TE      ,    200004  ,    09450700  ,    424.8    ,    5
20000320   ,    TE      ,    200004  ,    09450700  ,    424.8    ,    5
20000320   ,    TE      ,    200004  ,    09450700  ,    424.8    ,    1
20000320   ,    TE      ,    200004  ,    09450700  ,    424.8    ,    1
20000320   ,    TE      ,    200004  ,    09450700  ,    424.8    ,    1
20000320   ,    TE      ,    200004  ,    09450700  ,    424.8    ,    1
20000320   ,    TE      ,    200004  ,    09450700  ,    424.8    ,    1
20000320   ,    TE      ,    200004  ,    09450700  ,    424.8    ,    2
20000320   ,    TE      ,    200004  ,    09450700  ,    424.8    ,    5
20000320   ,    TE      ,    200004  ,    09450700  ,    424.8    ,    1
20000320   ,    TE      ,    200004  ,    09450700  ,    424.8    ,    1
20000320   ,    TE      ,    200004  ,    09450700  ,    424.8    ,    1
20000320   ,    TE      ,    200004  ,    09450700  ,    424.8    ,    3
20000320   ,    TE      ,    200004  ,    09450700  ,    424.8    ,    1
20000320   ,    TE      ,    200004  ,    09450700  ,    424.8    ,    1
20000320   ,    TE      ,    200004  ,    09450700  ,    424.8    ,    1
20000320   ,    TE      ,    200004  ,    09450700  ,    424.8    ,    1
20000320   ,    TE      ,    200004  ,    09450700  ,    424.8    ,    2
20000320   ,    TE      ,    200004  ,    09450700  ,    424.8    ,    1
20000320   ,    TE      ,    200004  ,    09450700  ,    424.8    ,    1
20000320   ,    TE      ,    200004  ,    09450700  ,    424.8    ,    4
20000320   ,    TE      ,    200004  ,    09450700  ,    424.8    ,    2
20000320   ,    TE      ,    200004  ,    09450700  ,    424.8    ,    1
20000320   ,    TE      ,    200004  ,    09450700  ,    424.8    ,    1
20000320   ,    TE      ,    200004  ,    09450700  ,    424.8    ,    2
20000320   ,    TE      ,    200004  ,    09450700  ,    424.8    ,    1
20000320   ,    TE      ,    200004  ,    09450700  ,    424.8    ,    1
20000320   ,    TE      ,    200004  ,    09450700  ,    424.8    ,    2
20000320   ,    TE      ,    200004  ,    09450700  ,    424.8    ,    1
20000320   ,    TE      ,    200004  ,    09450700  ,    424.8    ,    1
20000320   ,    TE      ,    200004  ,    09450700  ,    424.8    ,    1
20000320   ,    TE      ,    200004  ,    09451700  ,    424.8    ,    1
20000320   ,    TE      ,    200004  ,    09451700  ,    424.8    ,    1
20000320   ,    TE      ,    200004  ,    09451700  ,    424.8    ,    2
20000320   ,    TE      ,    200004  ,    09451700  ,    424.8    ,    4
20000320   ,    TE      ,    200004  ,    09452700  ,    424.8    ,    4
20000320   ,    TE      ,    200004  ,    09452700  ,    424.8    ,    2
20000320   ,    TE      ,    200004  ,    09452700  ,    424.8    ,    1
20000320   ,    TE      ,    200004  ,    09452700  ,    424.8    ,    2
20000320   ,    TE      ,    200004  ,    09452700  ,    424.8    ,    1
20000320   ,    TE      ,    200004  ,    09453700  ,    424.8    ,    5
20000320   ,    TE      ,    200004  ,    09453700  ,    424.8    ,    1
20000320   ,    TE      ,    200004  ,    09453700  ,    424.8    ,    1
20000320   ,    TE      ,    200004  ,    09453700  ,    424.8    ,    3
20000320   ,    TE      ,    200004  ,    09453700  ,    424.8    ,    3
20000320   ,    TE      ,    200004  ,    09453700  ,    424.8    ,    2
20000320   ,    TE      ,    200004  ,    09453700  ,    424.8    ,    1
20000320   ,    TE      ,    200004  ,    09454700  ,    424.8    ,    1
20000320   ,    TE      ,    200004  ,    09454700  ,    424.8    ,    1
20000320   ,    TE      ,    200004  ,    09454700  ,    424.8    ,    1
20000320   ,    TE      ,    200004  ,    09454700  ,    424.8    ,    1
20000320   ,    TE      ,    200004  ,    09454700  ,    424.8    ,    1
20000320   ,    TE      ,    200004  ,    09454700  ,    424.8    ,    1
20000320   ,    TE      ,    200004  ,    09454700  ,    424.8    ,    3
20000320   ,    TE      ,    200004  ,    09454700  ,    424.8    ,    1
20000320   ,    TE      ,    200004  ,    09454700  ,    424.8    ,    2
20000320   ,    TE      ,    200004  ,    09454700  ,    424.8    ,    1
20000320   ,    TE      ,    200004  ,    09454700  ,    424.8    ,    2
20000320   ,    TE      ,    200004  ,    09454700  ,    424.8    ,    1
20000320   ,    TE      ,    200004  ,    09455700  ,    424.8    ,    1
20000320   ,    TE      ,    200004  ,    09455700  ,    424.8    ,    1
20000320   ,    TE      ,    200004  ,    09455700  ,    424.8    ,    1
20000320   ,    TE      ,    200004  ,    09455700  ,    424.8    ,    5
20000320   ,    TE      ,    200004  ,    09455700  ,    424.8    ,    1
20000320   ,    TE      ,    200004  ,    09455700  ,    424.8    ,    1
20000320   ,    TE      ,    200004  ,    09455700  ,    424.8    ,    1
20000320   ,    TE      ,    200004  ,    09455700  ,    424.8    ,    1
20000320   ,    TE      ,    200004  ,    09455700  ,    424.8    ,    1
20000320   ,    TE      ,    200004  ,    09455700  ,    424.8    ,    1
20000320   ,    TE      ,    200004  ,    09455700  ,    424.8    ,    2
20000320   ,    TE      ,    200004  ,    09455700  ,    424.8    ,    1
20000320   ,    TE      ,    200004  ,    09455700  ,    424.8    ,    1
20000320   ,    TE      ,    200004  ,    09455700  ,    424.8    ,    2
20000320   ,    TE      ,    200004  ,    09460700  ,    424.8    ,    1
20000320   ,    TE      ,    200004  ,    09460700  ,    424.8    ,    1
20000320   ,    TE      ,    200004  ,    09460700  ,    424.8    ,    1
20000320   ,    TE      ,    200004  ,    09460700  ,    424.8    ,    2
20000320   ,    TE      ,    200004  ,    09460700  ,    424.8    ,    4
20000320   ,    TE      ,    200004  ,    09460700  ,    424.8    ,    1
20000320   ,    TE      ,    200004  ,    09460700  ,    424.8    ,    1
20000320   ,    TE      ,    200004  ,    09460700  ,    424.8    ,    1
20000320   ,    TE      ,    200004  ,    09460700  ,    424.8    ,    1
20000320   ,    TE      ,    200004  ,    09460700  ,    424.8    ,    2
20000320   ,    TE      ,    200004  ,    09460700  ,    424.8    ,    1
20000320   ,    TE      ,    200004  ,    09461700  ,    424.8    ,    1
20000320   ,    TE      ,    200004  ,    09461700  ,    424.8    ,    1
20000320   ,    TE      ,    200004  ,    09461700  ,    424.8    ,    1
20000320   ,    TE      ,    200004  ,    09461700  ,    424.8    ,    1
20000320   ,    TE      ,    200004  ,    09463700  ,    426      ,    1
20000320   ,    TE      ,    200004  ,    09463700  ,    426      ,    1
20000320   ,    TE      ,    200004  ,    09471700  ,    427.5    ,    1
20000320   ,    TE      ,    200004  ,    09471700  ,    427.5    ,    1
20000320   ,    TE      ,    200004  ,    09475700  ,    429.95   ,    1
20000320   ,    TE      ,    200004  ,    09475700  ,    429.95   ,    1
20000320   ,    TE      ,    200004  ,    09480700  ,    429.95   ,    2
20000320   ,    TE      ,    200004  ,    09480700  ,    429.95   ,    2
20000320   ,    TE      ,    200004  ,    09483700  ,    430      ,    1
20000320   ,    TE      ,    200004  ,    09483700  ,    430      ,    2
20000320   ,    TE      ,    200004  ,    09483700  ,    430      ,    1
20000320   ,    TE      ,    200004  ,    09483700  ,    430      ,    5
20000320   ,    TE      ,    200004  ,    09483700  ,    430      ,    1
20000320   ,    TE      ,    200004  ,    09483700  ,    430      ,    1
20000320   ,    TE      ,    200004  ,    09483700  ,    430      ,    1
20000320   ,    TE      ,    200004  ,    09485700  ,    430      ,    1
20000320   ,    TE      ,    200004  ,    09485700  ,    430      ,    1
20000320   ,    TE      ,    200004  ,    09490700  ,    426      ,    1
20000320   ,    TE      ,    200004  ,    09490700  ,    426      ,    1
20000320   ,    TE      ,    200004  ,    09494700  ,    426      ,    2
20000320   ,    TE      ,    200004  ,    09494700  ,    426      ,    3
20000320   ,    TE      ,    200004  ,    09494700  ,    426      ,    1
20000320   ,    TE      ,    200004  ,    09500700  ,    426      ,    1
20000320   ,    TE      ,    200004  ,    09500700  ,    426      ,    1
20000320   ,    TE      ,    200004  ,    09502700  ,    426      ,    1
20000320   ,    TE      ,    200004  ,    09502700  ,    426      ,    1
20000320   ,    TE      ,    200004  ,    09510700  ,    426      ,    1
20000320   ,    TE      ,    200004  ,    09510700  ,    426      ,    1
20000320   ,    TE      ,    200004  ,    09511700  ,    426.3    ,    1
20000320   ,    TE      ,    200004  ,    09511700  ,    426.3    ,    1
20000320   ,    TE      ,    200004  ,    09513700  ,    426.3    ,    1
20000320   ,    TE      ,    200004  ,    09513700  ,    426.3    ,    1
20000320   ,    TE      ,    200004  ,    09514700  ,    426      ,    1
20000320   ,    TE      ,    200004  ,    09514700  ,    426      ,    1
20000320   ,    TE      ,    200004  ,    09520700  ,    429.75   ,    1
20000320   ,    TE      ,    200004  ,    09520700  ,    429.75   ,    1
20000320   ,    TE      ,    200004  ,    09521700  ,    428      ,    1
20000320   ,    TE      ,    200004  ,    09521700  ,    428      ,    1
20000320   ,    TE      ,    200004  ,    09534700  ,    429      ,    1
20000320   ,    TE      ,    200004  ,    09534700  ,    429      ,    1
20000320   ,    TE      ,    200004  ,    09534700  ,    429      ,    1
20000320   ,    TE      ,    200004  ,    09534700  ,    429      ,    1
20000320   ,    TE      ,    200004  ,    09534700  ,    429      ,    4
20000320   ,    TE      ,    200004  ,    09540700  ,    429      ,    1
20000320   ,    TE      ,    200004  ,    09540700  ,    429      ,    1
20000320   ,    TE      ,    200004  ,    09553700  ,    426.9    ,    2
20000320   ,    TE      ,    200004  ,    09553700  ,    426.9    ,    2
20000320   ,    TE      ,    200004  ,    09561700  ,    426.8    ,    2
20000320   ,    TE      ,    200004  ,    09561700  ,    426.8    ,    2
20000320   ,    TE      ,    200004  ,    09563700  ,    426      ,    1
20000320   ,    TE      ,    200004  ,    09563700  ,    426      ,    2
20000320   ,    TE      ,    200004  ,    09563700  ,    426      ,    1
20000320   ,    TE      ,    200004  ,    09564700  ,    426.4    ,    1
20000320   ,    TE      ,    200004  ,    09564700  ,    426.4    ,    1
20000320   ,    TE      ,    200004  ,    09565700  ,    426      ,    1
20000320   ,    TE      ,    200004  ,    09565700  ,    426      ,    2
20000320   ,    TE      ,    200004  ,    09565700  ,    426      ,    1
20000320   ,    TE      ,    200004  ,    09570700  ,    425.1    ,    2
20000320   ,    TE      ,    200004  ,    09570700  ,    425.1    ,    1
20000320   ,    TE      ,    200004  ,    09570700  ,    425.1    ,    1
20000320   ,    TE      ,    200004  ,    09573700  ,    425      ,    2
20000320   ,    TE      ,    200004  ,    09573700  ,    425      ,    1
20000320   ,    TE      ,    200004  ,    09573700  ,    425      ,    1
20000320   ,    TE      ,    200004  ,    09581700  ,    425.2    ,    1
20000320   ,    TE      ,    200004  ,    09581700  ,    425.2    ,    1
20000320   ,    TE      ,    200004  ,    09583700  ,    425      ,    1
20000320   ,    TE      ,    200004  ,    09583700  ,    425      ,    2
20000320   ,    TE      ,    200004  ,    09583700  ,    425      ,    1
20000320   ,    TE      ,    200004  ,    09584700  ,    425      ,    2
20000320   ,    TE      ,    200004  ,    09584700  ,    425      ,    1
20000320   ,    TE      ,    200004  ,    09584700  ,    425      ,    2
20000320   ,    TE      ,    200004  ,    09584700  ,    425      ,    1
20000320   ,    TE      ,    200004  ,    09585700  ,    425      ,    1
20000320   ,    TE      ,    200004  ,    09585700  ,    425      ,    1
20000320   ,    TE      ,    200004  ,    09592700  ,    425.5    ,    1
20000320   ,    TE      ,    200004  ,    09592700  ,    425.5    ,    1
20000320   ,    TE      ,    200004  ,    09593700  ,    425.5    ,    1
20000320   ,    TE      ,    200004  ,    09593700  ,    425.5    ,    1
20000320   ,    TE      ,    200004  ,    10000700  ,    425.05   ,    1
20000320   ,    TE      ,    200004  ,    10000700  ,    425.05   ,    1
20000320   ,    TE      ,    200004  ,    10000700  ,    425.05   ,    1
20000320   ,    TE      ,    200004  ,    10000700  ,    425.05   ,    1
20000320   ,    TE      ,    200004  ,    10000700  ,    425.05   ,    1
20000320   ,    TE      ,    200004  ,    10000700  ,    425.05   ,    1
20000320   ,    TE      ,    200004  ,    10001700  ,    425      ,    1
20000320   ,    TE      ,    200004  ,    10001700  ,    425      ,    1
20000320   ,    TE      ,    200004  ,    10004700  ,    425      ,    1
20000320   ,    TE      ,    200004  ,    10004700  ,    425      ,    1
20000320   ,    TE      ,    200004  ,    10004700  ,    425      ,    2
20000320   ,    TE      ,    200004  ,    10004700  ,    425      ,    1
20000320   ,    TE      ,    200004  ,    10004700  ,    425      ,    5
20000320   ,    TE      ,    200004  ,    10012700  ,    425      ,    1
20000320   ,    TE      ,    200004  ,    10012700  ,    425      ,    1
20000320   ,    TE      ,    200004  ,    10012700  ,    425      ,    1
20000320   ,    TE      ,    200004  ,    10012700  ,    425      ,    1
20000320   ,    TE      ,    200004  ,    10013700  ,    425      ,    1
20000320   ,    TE      ,    200004  ,    10013700  ,    425      ,    1
20000320   ,    TE      ,    200004  ,    10014700  ,    426.7    ,    1
20000320   ,    TE      ,    200004  ,    10014700  ,    426.7    ,    1
20000320   ,    TE      ,    200004  ,    10020700  ,    425.1    ,    1
20000320   ,    TE      ,    200004  ,    10020700  ,    425.1    ,    1
20000320   ,    TE      ,    200004  ,    10044700  ,    425.1    ,    1
20000320   ,    TE      ,    200004  ,    10044700  ,    425.1    ,    1
20000320   ,    TE      ,    200004  ,    10051700  ,    425.2    ,    1
20000320   ,    TE      ,    200004  ,    10051700  ,    425.2    ,    1
20000320   ,    TE      ,    200004  ,    10060700  ,    425.1    ,    1
20000320   ,    TE      ,    200004  ,    10060700  ,    425.1    ,    1
20000320   ,    TE      ,    200004  ,    10063700  ,    425.05   ,    1
20000320   ,    TE      ,    200004  ,    10063700  ,    425.05   ,    1
20000320   ,    TE      ,    200004  ,    10064700  ,    425.1    ,    1
20000320   ,    TE      ,    200004  ,    10064700  ,    425.1    ,    1
20000320   ,    TE      ,    200004  ,    10070700  ,    425      ,    1
20000320   ,    TE      ,    200004  ,    10070700  ,    425      ,    2
20000320   ,    TE      ,    200004  ,    10070700  ,    425      ,    1
20000320   ,    TE      ,    200004  ,    10070700  ,    425      ,    1
20000320   ,    TE      ,    200004  ,    10070700  ,    425      ,    1
20000320   ,    TE      ,    200004  ,    10071700  ,    425      ,    1
20000320   ,    TE      ,    200004  ,    10071700  ,    425      ,    1
20000320   ,    TE      ,    200004  ,    10072700  ,    425.1    ,    1
20000320   ,    TE      ,    200004  ,    10072700  ,    425.1    ,    1
20000320   ,    TE      ,    200004  ,    10073700  ,    425      ,    2
20000320   ,    TE      ,    200004  ,    10073700  ,    425      ,    2
20000320   ,    TE      ,    200004  ,    10073700  ,    425      ,    1
20000320   ,    TE      ,    200004  ,    10073700  ,    425      ,    1
20000320   ,    TE      ,    200004  ,    10075700  ,    425      ,    1
20000320   ,    TE      ,    200004  ,    10075700  ,    425      ,    1
20000320   ,    TE      ,    200004  ,    10095700  ,    424.8    ,    1
20000320   ,    TE      ,    200004  ,    10095700  ,    424.8    ,    1
20000320   ,    TE      ,    200004  ,    10102700  ,    424.9    ,    1
20000320   ,    TE      ,    200004  ,    10102700  ,    424.9    ,    1
20000320   ,    TE      ,    200004  ,    10102700  ,    424.9    ,    1
20000320   ,    TE      ,    200004  ,    10102700  ,    424.9    ,    1
20000320   ,    TE      ,    200004  ,    10110700  ,    424.8    ,    1
20000320   ,    TE      ,    200004  ,    10110700  ,    424.8    ,    1
20000320   ,    TE      ,    200004  ,    10110700  ,    424.8    ,    2
20000320   ,    TE      ,    200004  ,    10112700  ,    424.8    ,    2
20000320   ,    TE      ,    200004  ,    10112700  ,    424.8    ,    2
20000320   ,    TE      ,    200004  ,    10114700  ,    424.8    ,    5
20000320   ,    TE      ,    200004  ,    10114700  ,    424.8    ,    5
20000320   ,    TE      ,    200004  ,    10155700  ,    424.8    ,    1
20000320   ,    TE      ,    200004  ,    10155700  ,    424.8    ,    1
20000320   ,    TE      ,    200004  ,    10191700  ,    424.8    ,    2
20000320   ,    TE      ,    200004  ,    10191700  ,    424.8    ,    2
20000320   ,    TE      ,    200004  ,    10210700  ,    424.8    ,    7
20000320   ,    TE      ,    200004  ,    10210700  ,    424.8    ,    7
20000320   ,    TE      ,    200004  ,    10254700  ,    424.8    ,    1
20000320   ,    TE      ,    200004  ,    10254700  ,    424.8    ,    1
20000320   ,    TE      ,    200004  ,    10545700  ,    424.8    ,    1
20000320   ,    TE      ,    200004  ,    10545700  ,    424.8    ,    1
20000320   ,    TE      ,    200004  ,    11192700  ,    424.8    ,    1
20000320   ,    TE      ,    200004  ,    11192700  ,    424.8    ,    1
20000320   ,    TE      ,    200004  ,    11423700  ,    424.8    ,    1
20000320   ,    TE      ,    200004  ,    11423700  ,    424.8    ,    1
20000320   ,    TE      ,    200004  ,    11481700  ,    424.8    ,    1
20000320   ,    TE      ,    200004  ,    11481700  ,    424.8    ,    5
20000320   ,    TE      ,    200004  ,    11481700  ,    424.8    ,    1
20000320   ,    TE      ,    200004  ,    11481700  ,    424.8    ,    1
20000320   ,    TE      ,    200004  ,    11481700  ,    424.8    ,    1
20000320   ,    TE      ,    200004  ,    11481700  ,    424.8    ,    1
20000320   ,    TE      ,    200004  ,    11490700  ,    424.8    ,    1
20000320   ,    TE      ,    200004  ,    11490700  ,    424.8    ,    2
20000320   ,    TE      ,    200004  ,    11490700  ,    424.8    ,    1
20000320   ,    TE      ,    200004  ,    11491700  ,    424.8    ,    1
20000320   ,    TE      ,    200004  ,    11491700  ,    424.8    ,    1
20000320   ,    TE      ,    200004  ,    11544700  ,    424.8    ,    1
20000320   ,    TE      ,    200004  ,    11544700  ,    424.8    ,    1
20000320   ,    TE      ,    200004  ,    11550700  ,    424.8    ,    1
20000320   ,    TE      ,    200004  ,    11550700  ,    424.8    ,    1
20000320   ,    TE      ,    200004  ,    11552700  ,    424.8    ,    1
20000320   ,    TE      ,    200004  ,    11552700  ,    424.8    ,    1
20000320   ,    TE      ,    200004  ,    11593700  ,    424.8    ,    1
20000320   ,    TE      ,    200004  ,    11593700  ,    424.8    ,    1
20000320   ,    TE      ,    200004  ,    11595700  ,    424.8    ,    1
20000320   ,    TE      ,    200004  ,    11595700  ,    424.8    ,    1
20000320   ,    TE      ,    200004  ,    12024700  ,    424.8    ,    1
20000320   ,    TE      ,    200004  ,    12024700  ,    424.8    ,    1
20000320   ,    TE      ,    200004  ,    12150700  ,    424.8    ,    3
20000320   ,    TE      ,    200004  ,    12150700  ,    424.8    ,    3
20000320   ,    TE      ,    200004  ,    12150700  ,    424.8    ,    2
20000320   ,    TE      ,    200004  ,    12150700  ,    424.8    ,    2
20000320   ,    TE      ,    200005  ,    09000700  ,    414.2    ,    1
20000320   ,    TE      ,    200005  ,    09000700  ,    414.2    ,    1
20000320   ,    TE      ,    200005  ,    09000700  ,    414.2    ,    1
20000320   ,    TE      ,    200005  ,    09000700  ,    414.2    ,    1
20000320   ,    TE      ,    200005  ,    09035700  ,    414.2    ,    1
20000320   ,    TE      ,    200005  ,    09035700  ,    414.2    ,    1
20000320   ,    TE      ,    200005  ,    09064700  ,    414.2    ,    1
20000320   ,    TE      ,    200005  ,    09064700  ,    414.2    ,    1
20000320   ,    TE      ,    200005  ,    09090700  ,    414.2    ,    1
20000320   ,    TE      ,    200005  ,    09090700  ,    414.2    ,    1
20000320   ,    TE      ,    200005  ,    09244700  ,    417      ,    1
20000320   ,    TE      ,    200005  ,    09244700  ,    417      ,    1
20000320   ,    TE      ,    200005  ,    09494700  ,    433      ,    1
20000320   ,    TE      ,    200005  ,    09494700  ,    433      ,    1
20000320   ,    TE      ,    200005  ,    09563700  ,    424.5    ,    1
20000320   ,    TE      ,    200005  ,    09563700  ,    424.5    ,    1
20000320   ,    TE      ,    200005  ,    10062700  ,    424.5    ,    1
20000320   ,    TE      ,    200005  ,    10062700  ,    424.5    ,    1
20000320   ,    TE      ,    200005  ,    10071700  ,    424.5    ,    1
20000320   ,    TE      ,    200005  ,    10071700  ,    424.5    ,    1
20000320   ,    TE      ,    200005  ,    10101700  ,    425      ,    1
20000320   ,    TE      ,    200005  ,    10101700  ,    425      ,    1
20000320   ,    TE      ,    200005  ,    10122700  ,    424      ,    1
20000320   ,    TE      ,    200005  ,    10122700  ,    424      ,    1
20000320   ,    TE      ,    200005  ,    10125700  ,    424      ,    1
20000320   ,    TE      ,    200005  ,    10125700  ,    424      ,    1
20000320   ,    TE      ,    200005  ,    10164700  ,    423      ,    1
20000320   ,    TE      ,    200005  ,    10164700  ,    423      ,    1
20000320   ,    TE      ,    200005  ,    10262700  ,    423      ,    1
20000320   ,    TE      ,    200005  ,    10262700  ,    423      ,    1
20000320   ,    TE      ,    200005  ,    10283700  ,    422      ,    1
20000320   ,    TE      ,    200005  ,    10283700  ,    422      ,    1
20000320   ,    TE      ,    200005  ,    10305700  ,    421.5    ,    2
20000320   ,    TE      ,    200005  ,    10305700  ,    421.5    ,    2
20000320   ,    TE      ,    200005  ,    10374700  ,    417.55   ,    1
20000320   ,    TE      ,    200005  ,    10374700  ,    417.55   ,    1
20000320   ,    TE      ,    200005  ,    10391700  ,    417.5    ,    1
20000320   ,    TE      ,    200005  ,    10391700  ,    417.5    ,    1
20000320   ,    TE      ,    200005  ,    10415700  ,    417      ,    1
20000320   ,    TE      ,    200005  ,    10415700  ,    417      ,    1
20000320   ,    TE      ,    200005  ,    10415700  ,    417      ,    2
20000320   ,    TE      ,    200005  ,    10425700  ,    416.2    ,    1
20000320   ,    TE      ,    200005  ,    10425700  ,    416.2    ,    1
20000320   ,    TE      ,    200005  ,    10431700  ,    416.2    ,    1
20000320   ,    TE      ,    200005  ,    10431700  ,    416.2    ,    1
20000320   ,    TE      ,    200005  ,    10450700  ,    416.5    ,    1
20000320   ,    TE      ,    200005  ,    10450700  ,    416.5    ,    1
20000320   ,    TE      ,    200005  ,    10501700  ,    416.3    ,    1
20000320   ,    TE      ,    200005  ,    10501700  ,    416.3    ,    1
20000320   ,    TE      ,    200005  ,    10560700  ,    416.3    ,    1
20000320   ,    TE      ,    200005  ,    10560700  ,    416.3    ,    1
20000320   ,    TE      ,    200005  ,    11274700  ,    417.2    ,    1
20000320   ,    TE      ,    200005  ,    11274700  ,    417.2    ,    1
20000320   ,    TE      ,    200005  ,    11324700  ,    418      ,    1
20000320   ,    TE      ,    200005  ,    11324700  ,    418      ,    1
20000320   ,    TE      ,    200005  ,    11371700  ,    418      ,    1
20000320   ,    TE      ,    200005  ,    11371700  ,    418      ,    1
20000320   ,    TE      ,    200005  ,    11393700  ,    419      ,    1
20000320   ,    TE      ,    200005  ,    11393700  ,    419      ,    1
20000320   ,    TE      ,    200005  ,    11411700  ,    423      ,    2
20000320   ,    TE      ,    200005  ,    11411700  ,    423      ,    2
20000320   ,    TE      ,    200005  ,    11505700  ,    420      ,    1
20000320   ,    TE      ,    200005  ,    11505700  ,    420      ,    1
20000320   ,    TE      ,    200005  ,    11575700  ,    421      ,    1
20000320   ,    TE      ,    200005  ,    11575700  ,    421      ,    1
20000320   ,    TE      ,    200005  ,    11595700  ,    422.9    ,    1
20000320   ,    TE      ,    200005  ,    11595700  ,    422.9    ,    1
20000320   ,    TE      ,    200005  ,    12011700  ,    420.5    ,    1
20000320   ,    TE      ,    200005  ,    12011700  ,    420.5    ,    1
20000320   ,    TE      ,    200005  ,    12032700  ,    421.5    ,    1
20000320   ,    TE      ,    200005  ,    12032700  ,    421.5    ,    1
20000320   ,    TE      ,    200005  ,    12041700  ,    421.5    ,    1
20000320   ,    TE      ,    200005  ,    12041700  ,    421.5    ,    1
20000320   ,    TE      ,    200005  ,    12055700  ,    420.8    ,    1
20000320   ,    TE      ,    200005  ,    12055700  ,    420.8    ,    1
20000320   ,    TE      ,    200005  ,    12085700  ,    421.5    ,    1
20000320   ,    TE      ,    200005  ,    12085700  ,    421.5    ,    1
20000320   ,    TE      ,    200005  ,    12093700  ,    421.5    ,    1
20000320   ,    TE      ,    200005  ,    12093700  ,    421.5    ,    1
20000320   ,    TE      ,    200005  ,    12150700  ,    421.5    ,    1
20000320   ,    TE      ,    200005  ,    12150700  ,    421.5    ,    3
20000320   ,    TE      ,    200005  ,    12150700  ,    421.5    ,    1
20000320   ,    TE      ,    200005  ,    12150700  ,    421.5    ,    2
20000320   ,    TE      ,    200005  ,    12150700  ,    421.5    ,    1
20000320   ,    TE      ,    200005  ,    12150700  ,    421.5    ,    1
20000320   ,    TE      ,    200005  ,    12150700  ,    421.5    ,    1
20000320   ,    TE      ,    200006  ,    09000600  ,    443.9    ,    1
20000320   ,    TE      ,    200006  ,    09000600  ,    443.9    ,    1
20000320   ,    TE      ,    200006  ,    09430600  ,    443.9    ,    1
20000320   ,    TE      ,    200006  ,    09430600  ,    443.9    ,    1
20000320   ,    TE      ,    200006  ,    09473600  ,    443.9    ,    1
20000320   ,    TE      ,    200006  ,    09473600  ,    443.9    ,    1
20000320   ,    TE      ,    200006  ,    09482600  ,    443.9    ,    1
20000320   ,    TE      ,    200006  ,    09482600  ,    443.9    ,    1
20000320   ,    TE      ,    200006  ,    09485600  ,    443.9    ,    9
20000320   ,    TE      ,    200006  ,    09485600  ,    443.9    ,    7
20000320   ,    TE      ,    200006  ,    09485600  ,    443.9    ,    2
20000320   ,    TE      ,    200006  ,    09571600  ,    443.9    ,    1
20000320   ,    TE      ,    200006  ,    09571600  ,    443.9    ,    1
20000320   ,    TE      ,    200006  ,    10020600  ,    443.9    ,    1
20000320   ,    TE      ,    200006  ,    10020600  ,    443.9    ,    1
20000320   ,    TF      ,    200004  ,    09000300  ,    907.2    ,    1
20000320   ,    TF      ,    200004  ,    09000300  ,    907.2    ,    1
20000320   ,    TF      ,    200004  ,    09000300  ,    907.2    ,    1
20000320   ,    TF      ,    200004  ,    09000300  ,    907.2    ,    1
20000320   ,    TF      ,    200004  ,    09000300  ,    907.2    ,    2
20000320   ,    TF      ,    200004  ,    09034300  ,    907.2    ,    1
20000320   ,    TF      ,    200004  ,    09034300  ,    907.2    ,    1
20000320   ,    TF      ,    200004  ,    09293300  ,    907.2    ,    1
20000320   ,    TF      ,    200004  ,    09293300  ,    907.2    ,    1
20000320   ,    TF      ,    200004  ,    09343300  ,    907.2    ,    1
20000320   ,    TF      ,    200004  ,    09343300  ,    907.2    ,    1
20000320   ,    TF      ,    200004  ,    09354300  ,    907.2    ,    1
20000320   ,    TF      ,    200004  ,    09354300  ,    907.2    ,    1
20000320   ,    TF      ,    200004  ,    09462300  ,    907.2    ,    1
20000320   ,    TF      ,    200004  ,    09462300  ,    907.2    ,    1
20000320   ,    TF      ,    200004  ,    09483300  ,    907.2    ,    1
20000320   ,    TF      ,    200004  ,    09483300  ,    907.2    ,    1
20000320   ,    TF      ,    200004  ,    09515300  ,    907.2    ,    1
20000320   ,    TF      ,    200004  ,    09515300  ,    907.2    ,    1
20000320   ,    TF      ,    200004  ,    09520300  ,    907.2    ,    1
20000320   ,    TF      ,    200004  ,    09520300  ,    907.2    ,    1
20000320   ,    TX      ,    200004  ,    09000300  ,    8265     ,    4
20000320   ,    TX      ,    200004  ,    09000300  ,    8265     ,    2
20000320   ,    TX      ,    200004  ,    09000300  ,    8265     ,    1
20000320   ,    TX      ,    200004  ,    09000300  ,    8265     ,    1
20000320   ,    TX      ,    200004  ,    09000300  ,    8265     ,    1
20000320   ,    TX      ,    200004  ,    09000300  ,    8265     ,    1
20000320   ,    TX      ,    200004  ,    09000300  ,    8265     ,    1
20000320   ,    TX      ,    200004  ,    09000300  ,    8265     ,    5
20000320   ,    TX      ,    200004  ,    09000300  ,    8265     ,    1
20000320   ,    TX      ,    200004  ,    09000300  ,    8265     ,    10
20000320   ,    TX      ,    200004  ,    09000300  ,    8265     ,    1
20000320   ,    TX      ,    200004  ,    09000300  ,    8265     ,    1
20000320   ,    TX      ,    200004  ,    09000300  ,    8265     ,    1
20000320   ,    TX      ,    200004  ,    09000300  ,    8265     ,    1
20000320   ,    TX      ,    200004  ,    09000300  ,    8265     ,    1
20000320   ,    TX      ,    200004  ,    09000300  ,    8265     ,    1
20000320   ,    TX      ,    200004  ,    09000300  ,    8265     ,    1
20000320   ,    TX      ,    200004  ,    09000300  ,    8265     ,    1
20000320   ,    TX      ,    200004  ,    09000300  ,    8265     ,    1
20000320   ,    TX      ,    200004  ,    09000300  ,    8265     ,    1
20000320   ,    TX      ,    200004  ,    09000300  ,    8265     ,    1
20000320   ,    TX      ,    200004  ,    09000300  ,    8265     ,    5
20000320   ,    TX      ,    200004  ,    09000300  ,    8265     ,    1
20000320   ,    TX      ,    200004  ,    09000300  ,    8265     ,    1
20000320   ,    TX      ,    200004  ,    09000300  ,    8265     ,    1
20000320   ,    TX      ,    200004  ,    09000300  ,    8265     ,    1
20000320   ,    TX      ,    200004  ,    09000300  ,    8265     ,    2
20000320   ,    TX      ,    200004  ,    09000300  ,    8265     ,    2
20000320   ,    TX      ,    200004  ,    09000300  ,    8265     ,    5
20000320   ,    TX      ,    200004  ,    09000300  ,    8265     ,    1
20000320   ,    TX      ,    200004  ,    09000300  ,    8265     ,    2
20000320   ,    TX      ,    200004  ,    09000300  ,    8265     ,    1
20000320   ,    TX      ,    200004  ,    09000300  ,    8265     ,    1
20000320   ,    TX      ,    200004  ,    09000300  ,    8265     ,    1
20000320   ,    TX      ,    200004  ,    09003300  ,    8265     ,    1
20000320   ,    TX      ,    200004  ,    09003300  ,    8265     ,    1
20000320   ,    TX      ,    200004  ,    09012300  ,    8265     ,    1
20000320   ,    TX      ,    200004  ,    09012300  ,    8265     ,    1
20000320   ,    TX      ,    200004  ,    09014300  ,    8265     ,    1
20000320   ,    TX      ,    200004  ,    09014300  ,    8265     ,    1
20000320   ,    TX      ,    200004  ,    09040300  ,    8265     ,    1
20000320   ,    TX      ,    200004  ,    09040300  ,    8265     ,    1
20000320   ,    TX      ,    200004  ,    09043300  ,    8265     ,    1
20000320   ,    TX      ,    200004  ,    09043300  ,    8265     ,    1
20000320   ,    TX      ,    200004  ,    09050300  ,    8265     ,    1
20000320   ,    TX      ,    200004  ,    09050300  ,    8265     ,    1
20000320   ,    TX      ,    200004  ,    09054300  ,    8265     ,    1
20000320   ,    TX      ,    200004  ,    09054300  ,    8265     ,    1
20000320   ,    TX      ,    200004  ,    09063300  ,    8265     ,    1
20000320   ,    TX      ,    200004  ,    09063300  ,    8265     ,    1
20000320   ,    TX      ,    200004  ,    09090300  ,    8265     ,    1
20000320   ,    TX      ,    200004  ,    09090300  ,    8265     ,    1
20000320   ,    TX      ,    200004  ,    09120300  ,    8265     ,    1
20000320   ,    TX      ,    200004  ,    09120300  ,    8265     ,    1
20000320   ,    TX      ,    200004  ,    09120300  ,    8265     ,    1
20000320   ,    TX      ,    200004  ,    09120300  ,    8265     ,    1
20000320   ,    TX      ,    200004  ,    09125300  ,    8265     ,    1
20000320   ,    TX      ,    200004  ,    09125300  ,    8265     ,    1
20000320   ,    TX      ,    200004  ,    09152300  ,    8265     ,    2
20000320   ,    TX      ,    200004  ,    09152300  ,    8265     ,    1
20000320   ,    TX      ,    200004  ,    09152300  ,    8265     ,    1
20000320   ,    TX      ,    200004  ,    09161300  ,    8265     ,    1
20000320   ,    TX      ,    200004  ,    09161300  ,    8265     ,    1
20000320   ,    TX      ,    200004  ,    09172300  ,    8265     ,    5
20000320   ,    TX      ,    200004  ,    09172300  ,    8265     ,    1
20000320   ,    TX      ,    200004  ,    09172300  ,    8265     ,    1
20000320   ,    TX      ,    200004  ,    09172300  ,    8265     ,    1
20000320   ,    TX      ,    200004  ,    09172300  ,    8265     ,    2
20000320   ,    TX      ,    200004  ,    09182300  ,    8265     ,    3
20000320   ,    TX      ,    200004  ,    09182300  ,    8265     ,    1
20000320   ,    TX      ,    200004  ,    09182300  ,    8265     ,    1
20000320   ,    TX      ,    200004  ,    09182300  ,    8265     ,    2
20000320   ,    TX      ,    200004  ,    09182300  ,    8265     ,    1
20000320   ,    TX      ,    200004  ,    09192300  ,    8265     ,    1
20000320   ,    TX      ,    200004  ,    09192300  ,    8265     ,    1
20000320   ,    TX      ,    200004  ,    09195300  ,    8265     ,    1
20000320   ,    TX      ,    200004  ,    09195300  ,    8265     ,    1
20000320   ,    TX      ,    200004  ,    09202300  ,    8265     ,    2
20000320   ,    TX      ,    200004  ,    09202300  ,    8265     ,    3
20000320   ,    TX      ,    200004  ,    09202300  ,    8265     ,    1
20000320   ,    TX      ,    200004  ,    09203300  ,    8265     ,    1
20000320   ,    TX      ,    200004  ,    09203300  ,    8265     ,    1
20000320   ,    TX      ,    200004  ,    09205300  ,    8265     ,    1
20000320   ,    TX      ,    200004  ,    09205300  ,    8265     ,    1
20000320   ,    TX      ,    200004  ,    09214300  ,    8265     ,    1
20000320   ,    TX      ,    200004  ,    09214300  ,    8265     ,    1
20000320   ,    TX      ,    200004  ,    09225300  ,    8265     ,    1
20000320   ,    TX      ,    200004  ,    09225300  ,    8265     ,    1
20000320   ,    TX      ,    200004  ,    09225300  ,    8265     ,    1
20000320   ,    TX      ,    200004  ,    09225300  ,    8265     ,    1
20000320   ,    TX      ,    200004  ,    09230300  ,    8265     ,    1
20000320   ,    TX      ,    200004  ,    09230300  ,    8265     ,    2
20000320   ,    TX      ,    200004  ,    09230300  ,    8265     ,    1
20000320   ,    TX      ,    200004  ,    09230300  ,    8265     ,    1
20000320   ,    TX      ,    200004  ,    09230300  ,    8265     ,    1
20000320   ,    TX      ,    200004  ,    09232300  ,    8265     ,    1
20000320   ,    TX      ,    200004  ,    09232300  ,    8265     ,    1
20000320   ,    TX      ,    200004  ,    09244300  ,    8265     ,    1
20000320   ,    TX      ,    200004  ,    09244300  ,    8265     ,    2
20000320   ,    TX      ,    200004  ,    09244300  ,    8265     ,    1
20000320   ,    TX      ,    200004  ,    09254300  ,    8265     ,    1
20000320   ,    TX      ,    200004  ,    09254300  ,    8265     ,    1
20000320   ,    TX      ,    200004  ,    09255300  ,    8265     ,    1
20000320   ,    TX      ,    200004  ,    09255300  ,    8265     ,    1
20000320   ,    TX      ,    200004  ,    09264300  ,    8265     ,    1
20000320   ,    TX      ,    200004  ,    09264300  ,    8265     ,    1
20000320   ,    TX      ,    200004  ,    09265300  ,    8265     ,    1
20000320   ,    TX      ,    200004  ,    09265300  ,    8265     ,    1
20000320   ,    TX      ,    200004  ,    09280300  ,    8265     ,    1
20000320   ,    TX      ,    200004  ,    09280300  ,    8265     ,    1
20000320   ,    TX      ,    200004  ,    09284300  ,    8265     ,    1
20000320   ,    TX      ,    200004  ,    09284300  ,    8265     ,    1
20000320   ,    TX      ,    200004  ,    09290300  ,    8265     ,    1
20000320   ,    TX      ,    200004  ,    09290300  ,    8265     ,    1
20000320   ,    TX      ,    200004  ,    09291300  ,    8265     ,    1
20000320   ,    TX      ,    200004  ,    09291300  ,    8265     ,    1
20000320   ,    TX      ,    200004  ,    09293300  ,    8265     ,    1
20000320   ,    TX      ,    200004  ,    09293300  ,    8265     ,    1
20000320   ,    TX      ,    200004  ,    09293300  ,    8265     ,    1
20000320   ,    TX      ,    200004  ,    09293300  ,    8265     ,    1
20000320   ,    TX      ,    200004  ,    09293300  ,    8265     ,    1
20000320   ,    TX      ,    200004  ,    09293300  ,    8265     ,    1
20000320   ,    TX      ,    200004  ,    09295300  ,    8265     ,    1
20000320   ,    TX      ,    200004  ,    09295300  ,    8265     ,    1
20000320   ,    TX      ,    200004  ,    09300300  ,    8265     ,    1
20000320   ,    TX      ,    200004  ,    09300300  ,    8265     ,    1
20000320   ,    TX      ,    200004  ,    09301300  ,    8265     ,    1
20000320   ,    TX      ,    200004  ,    09301300  ,    8265     ,    1
20000320   ,    TX      ,    200004  ,    09311300  ,    8265     ,    1
20000320   ,    TX      ,    200004  ,    09311300  ,    8265     ,    1
20000320   ,    TX      ,    200004  ,    09314300  ,    8265     ,    1
20000320   ,    TX      ,    200004  ,    09314300  ,    8265     ,    1
20000320   ,    TX      ,    200004  ,    09333300  ,    8265     ,    1
20000320   ,    TX      ,    200004  ,    09333300  ,    8265     ,    1
20000320   ,    TX      ,    200004  ,    09345300  ,    8265     ,    1
20000320   ,    TX      ,    200004  ,    09345300  ,    8265     ,    1
20000320   ,    TX      ,    200004  ,    09351300  ,    8265     ,    1
20000320   ,    TX      ,    200004  ,    09351300  ,    8265     ,    1
20000320   ,    TX      ,    200004  ,    09362300  ,    8265     ,    1
20000320   ,    TX      ,    200004  ,    09362300  ,    8265     ,    1
20000320   ,    TX      ,    200004  ,    09362300  ,    8265     ,    4
20000320   ,    TX      ,    200004  ,    09362300  ,    8265     ,    2
20000320   ,    TX      ,    200004  ,    09384300  ,    8265     ,    1
20000320   ,    TX      ,    200004  ,    09384300  ,    8265     ,    1
20000320   ,    TX      ,    200004  ,    09392300  ,    8265     ,    1
20000320   ,    TX      ,    200004  ,    09392300  ,    8265     ,    1
20000320   ,    TX      ,    200004  ,    09394300  ,    8265     ,    1
20000320   ,    TX      ,    200004  ,    09394300  ,    8265     ,    1
20000320   ,    TX      ,    200004  ,    09411300  ,    8265     ,    1
20000320   ,    TX      ,    200004  ,    09411300  ,    8265     ,    1
20000320   ,    TX      ,    200004  ,    09413300  ,    8265     ,    1
20000320   ,    TX      ,    200004  ,    09413300  ,    8265     ,    1
20000320   ,    TX      ,    200004  ,    09414300  ,    8265     ,    1
20000320   ,    TX      ,    200004  ,    09414300  ,    8265     ,    1
20000320   ,    TX      ,    200004  ,    09415300  ,    8265     ,    1
20000320   ,    TX      ,    200004  ,    09415300  ,    8265     ,    1
20000320   ,    TX      ,    200004  ,    09415300  ,    8265     ,    2
20000320   ,    TX      ,    200004  ,    09422300  ,    8265     ,    1
20000320   ,    TX      ,    200004  ,    09422300  ,    8265     ,    2
20000320   ,    TX      ,    200004  ,    09422300  ,    8265     ,    1
20000320   ,    TX      ,    200004  ,    09422300  ,    8265     ,    3
20000320   ,    TX      ,    200004  ,    09422300  ,    8265     ,    1
20000320   ,    TX      ,    200004  ,    09423300  ,    8265     ,    1
20000320   ,    TX      ,    200004  ,    09423300  ,    8265     ,    1
20000320   ,    TX      ,    200004  ,    09430300  ,    8265     ,    1
20000320   ,    TX      ,    200004  ,    09430300  ,    8265     ,    1
20000320   ,    TX      ,    200004  ,    09430300  ,    8265     ,    3
20000320   ,    TX      ,    200004  ,    09430300  ,    8265     ,    1
20000320   ,    TX      ,    200004  ,    09432300  ,    8265     ,    1
20000320   ,    TX      ,    200004  ,    09432300  ,    8265     ,    1
20000320   ,    TX      ,    200004  ,    09433300  ,    8265     ,    2
20000320   ,    TX      ,    200004  ,    09433300  ,    8265     ,    1
20000320   ,    TX      ,    200004  ,    09433300  ,    8265     ,    1
20000320   ,    TX      ,    200004  ,    09434300  ,    8265     ,    1
20000320   ,    TX      ,    200004  ,    09434300  ,    8265     ,    1
20000320   ,    TX      ,    200004  ,    09440300  ,    8265     ,    1
20000320   ,    TX      ,    200004  ,    09440300  ,    8265     ,    1
20000320   ,    TX      ,    200004  ,    09442300  ,    8265     ,    1
20000320   ,    TX      ,    200004  ,    09442300  ,    8265     ,    1
20000320   ,    TX      ,    200004  ,    09443300  ,    8265     ,    1
20000320   ,    TX      ,    200004  ,    09443300  ,    8265     ,    1
20000320   ,    TX      ,    200004  ,    09452300  ,    8265     ,    1
20000320   ,    TX      ,    200004  ,    09452300  ,    8265     ,    1
20000320   ,    TX      ,    200004  ,    09452300  ,    8265     ,    1
20000320   ,    TX      ,    200004  ,    09452300  ,    8265     ,    1
20000320   ,    TX      ,    200004  ,    09453300  ,    8265     ,    1
20000320   ,    TX      ,    200004  ,    09453300  ,    8265     ,    1
20000320   ,    TX      ,    200004  ,    09454300  ,    8265     ,    1
20000320   ,    TX      ,    200004  ,    09454300  ,    8265     ,    1
20000320   ,    TX      ,    200004  ,    09455300  ,    8265     ,    1
20000320   ,    TX      ,    200004  ,    09455300  ,    8265     ,    1
20000320   ,    TX      ,    200004  ,    09460300  ,    8265     ,    1
20000320   ,    TX      ,    200004  ,    09460300  ,    8265     ,    1
20000320   ,    TX      ,    200004  ,    09460300  ,    8265     ,    1
20000320   ,    TX      ,    200004  ,    09460300  ,    8265     ,    1
20000320   ,    TX      ,    200004  ,    09461300  ,    8265     ,    1
20000320   ,    TX      ,    200004  ,    09461300  ,    8265     ,    1
20000320   ,    TX      ,    200004  ,    09462300  ,    8265     ,    1
20000320   ,    TX      ,    200004  ,    09462300  ,    8265     ,    1
20000320   ,    TX      ,    200004  ,    09463300  ,    8265     ,    1
20000320   ,    TX      ,    200004  ,    09463300  ,    8265     ,    1
20000320   ,    TX      ,    200004  ,    09464300  ,    8265     ,    4
20000320   ,    TX      ,    200004  ,    09464300  ,    8265     ,    3
20000320   ,    TX      ,    200004  ,    09464300  ,    8265     ,    7
20000320   ,    TX      ,    200004  ,    09465300  ,    8265     ,    2
20000320   ,    TX      ,    200004  ,    09465300  ,    8265     ,    2
20000320   ,    TX      ,    200004  ,    09470300  ,    8265     ,    1
20000320   ,    TX      ,    200004  ,    09470300  ,    8265     ,    1
20000320   ,    TX      ,    200004  ,    09471300  ,    8265     ,    3
20000320   ,    TX      ,    200004  ,    09471300  ,    8265     ,    3
20000320   ,    TX      ,    200004  ,    09472300  ,    8265     ,    1
20000320   ,    TX      ,    200004  ,    09472300  ,    8265     ,    1
20000320   ,    TX      ,    200004  ,    09474300  ,    8265     ,    1
20000320   ,    TX      ,    200004  ,    09474300  ,    8265     ,    1
20000320   ,    TX      ,    200004  ,    09475300  ,    8265     ,    10
20000320   ,    TX      ,    200004  ,    09475300  ,    8265     ,    10
20000320   ,    TX      ,    200004  ,    09480300  ,    8265     ,    1
20000320   ,    TX      ,    200004  ,    09480300  ,    8265     ,    1
20000320   ,    TX      ,    200004  ,    09480300  ,    8265     ,    2
20000320   ,    TX      ,    200004  ,    09481300  ,    8265     ,    3
20000320   ,    TX      ,    200004  ,    09481300  ,    8265     ,    3
20000320   ,    TX      ,    200004  ,    09482300  ,    8265     ,    1
20000320   ,    TX      ,    200004  ,    09482300  ,    8265     ,    1
20000320   ,    TX      ,    200004  ,    09482300  ,    8265     ,    1
20000320   ,    TX      ,    200004  ,    09482300  ,    8265     ,    4
20000320   ,    TX      ,    200004  ,    09482300  ,    8265     ,    1
20000320   ,    TX      ,    200004  ,    09483300  ,    8265     ,    3
20000320   ,    TX      ,    200004  ,    09483300  ,    8265     ,    1
20000320   ,    TX      ,    200004  ,    09483300  ,    8265     ,    2
20000320   ,    TX      ,    200004  ,    09483300  ,    8265     ,    1
20000320   ,    TX      ,    200004  ,    09483300  ,    8265     ,    1
20000320   ,    TX      ,    200004  ,    09483300  ,    8265     ,    1
20000320   ,    TX      ,    200004  ,    09483300  ,    8265     ,    1
20000320   ,    TX      ,    200004  ,    09484300  ,    8265     ,    1
20000320   ,    TX      ,    200004  ,    09484300  ,    8265     ,    1
20000320   ,    TX      ,    200004  ,    09485300  ,    8265     ,    2
20000320   ,    TX      ,    200004  ,    09485300  ,    8265     ,    1
20000320   ,    TX      ,    200004  ,    09485300  ,    8265     ,    1
20000320   ,    TX      ,    200004  ,    09492300  ,    8265     ,    1
20000320   ,    TX      ,    200004  ,    09492300  ,    8265     ,    5
20000320   ,    TX      ,    200004  ,    09492300  ,    8265     ,    11
20000320   ,    TX      ,    200004  ,    09492300  ,    8265     ,    1
20000320   ,    TX      ,    200004  ,    09492300  ,    8265     ,    2
20000320   ,    TX      ,    200004  ,    09492300  ,    8265     ,    2
20000320   ,    TX      ,    200004  ,    09493300  ,    8265     ,    2
20000320   ,    TX      ,    200004  ,    09493300  ,    8265     ,    2
20000320   ,    TX      ,    200004  ,    09493300  ,    8265     ,    5
20000320   ,    TX      ,    200004  ,    09493300  ,    8265     ,    1
20000320   ,    TX      ,    200004  ,    09493300  ,    8265     ,    1
20000320   ,    TX      ,    200004  ,    09493300  ,    8265     ,    1
20000320   ,    TX      ,    200004  ,    09494300  ,    8265     ,    1
20000320   ,    TX      ,    200004  ,    09494300  ,    8265     ,    1
20000320   ,    TX      ,    200004  ,    09495300  ,    8265     ,    1
20000320   ,    TX      ,    200004  ,    09495300  ,    8265     ,    1
20000320   ,    TX      ,    200004  ,    09495300  ,    8265     ,    2
20000320   ,    TX      ,    200004  ,    09495300  ,    8265     ,    1
20000320   ,    TX      ,    200004  ,    09495300  ,    8265     ,    1
20000320   ,    TX      ,    200004  ,    09495300  ,    8265     ,    5
20000320   ,    TX      ,    200004  ,    09495300  ,    8265     ,    2
20000320   ,    TX      ,    200004  ,    09495300  ,    8265     ,    1
20000320   ,    TX      ,    200004  ,    09495300  ,    8265     ,    2
20000320   ,    TX      ,    200004  ,    09500300  ,    8265     ,    1
20000320   ,    TX      ,    200004  ,    09500300  ,    8265     ,    1
20000320   ,    TX      ,    200004  ,    09500300  ,    8265     ,    1
20000320   ,    TX      ,    200004  ,    09500300  ,    8265     ,    1
20000320   ,    TX      ,    200004  ,    09501300  ,    8265     ,    1
20000320   ,    TX      ,    200004  ,    09501300  ,    8265     ,    1
20000320   ,    TX      ,    200004  ,    09502300  ,    8265     ,    2
20000320   ,    TX      ,    200004  ,    09502300  ,    8265     ,    2
20000320   ,    TX      ,    200004  ,    09502300  ,    8265     ,    1
20000320   ,    TX      ,    200004  ,    09502300  ,    8265     ,    1
20000320   ,    TX      ,    200004  ,    09510300  ,    8265     ,    3
20000320   ,    TX      ,    200004  ,    09510300  ,    8265     ,    2
20000320   ,    TX      ,    200004  ,    09510300  ,    8265     ,    1
20000320   ,    TX      ,    200004  ,    09510300  ,    8265     ,    1
20000320   ,    TX      ,    200004  ,    09510300  ,    8265     ,    1
20000320   ,    TX      ,    200004  ,    09510300  ,    8265     ,    1
20000320   ,    TX      ,    200004  ,    09510300  ,    8265     ,    1
20000320   ,    TX      ,    200004  ,    09510300  ,    8265     ,    1
20000320   ,    TX      ,    200004  ,    09510300  ,    8265     ,    2
20000320   ,    TX      ,    200004  ,    09510300  ,    8265     ,    7
20000320   ,    TX      ,    200004  ,    09511300  ,    8265     ,    5
20000320   ,    TX      ,    200004  ,    09511300  ,    8265     ,    1
20000320   ,    TX      ,    200004  ,    09511300  ,    8265     ,    3
20000320   ,    TX      ,    200004  ,    09511300  ,    8265     ,    4
20000320   ,    TX      ,    200004  ,    09511300  ,    8265     ,    1
20000320   ,    TX      ,    200004  ,    09512300  ,    8265     ,    1
20000320   ,    TX      ,    200004  ,    09512300  ,    8265     ,    5
20000320   ,    TX      ,    200004  ,    09512300  ,    8265     ,    1
20000320   ,    TX      ,    200004  ,    09512300  ,    8265     ,    5
20000320   ,    TX      ,    200004  ,    09512300  ,    8265     ,    2
20000320   ,    TX      ,    200004  ,    09513300  ,    8265     ,    1
20000320   ,    TX      ,    200004  ,    09513300  ,    8265     ,    1
20000320   ,    TX      ,    200004  ,    09520300  ,    8265     ,    1
20000320   ,    TX      ,    200004  ,    09520300  ,    8265     ,    1
20000320   ,    TX      ,    200004  ,    09521300  ,    8265     ,    1
20000320   ,    TX      ,    200004  ,    09521300  ,    8265     ,    1
20000320   ,    TX      ,    200004  ,    09525300  ,    8265     ,    1
20000320   ,    TX      ,    200004  ,    09525300  ,    8265     ,    1
20000320   ,    TX      ,    200004  ,    09530300  ,    8265     ,    2
20000320   ,    TX      ,    200004  ,    09530300  ,    8265     ,    1
20000320   ,    TX      ,    200004  ,    09530300  ,    8265     ,    3
20000320   ,    TX      ,    200004  ,    09534300  ,    8265     ,    5
20000320   ,    TX      ,    200004  ,    09534300  ,    8265     ,    5
20000320   ,    TX      ,    200004  ,    09535300  ,    8265     ,    1
20000320   ,    TX      ,    200004  ,    09535300  ,    8265     ,    1
20000320   ,    TX      ,    200004  ,    09543300  ,    8265     ,    1
20000320   ,    TX      ,    200004  ,    09543300  ,    8265     ,    1
20000320   ,    TX      ,    200004  ,    09562300  ,    8265     ,    1
20000320   ,    TX      ,    200004  ,    09562300  ,    8265     ,    1
20000320   ,    TX      ,    200004  ,    09594300  ,    8265     ,    4
20000320   ,    TX      ,    200004  ,    09594300  ,    8265     ,    4
20000320   ,    TX      ,    200004  ,    10023300  ,    8265     ,    1
20000320   ,    TX      ,    200004  ,    10023300  ,    8265     ,    1
20000320   ,    TX      ,    200004  ,    10025300  ,    8265     ,    1
20000320   ,    TX      ,    200004  ,    10025300  ,    8265     ,    1
20000320   ,    TX      ,    200004  ,    10031300  ,    8265     ,    1
20000320   ,    TX      ,    200004  ,    10031300  ,    8265     ,    1
20000320   ,    TX      ,    200004  ,    10033300  ,    8265     ,    7
20000320   ,    TX      ,    200004  ,    10033300  ,    8265     ,    7
20000320   ,    TX      ,    200004  ,    10051300  ,    8265     ,    1
20000320   ,    TX      ,    200004  ,    10051300  ,    8265     ,    1
20000320   ,    TX      ,    200004  ,    10074300  ,    8265     ,    1
20000320   ,    TX      ,    200004  ,    10074300  ,    8265     ,    1
20000320   ,    TX      ,    200004  ,    10344300  ,    8265     ,    1
20000320   ,    TX      ,    200004  ,    10344300  ,    8265     ,    1
20000320   ,    TX      ,    200004  ,    11424300  ,    8265     ,    2
20000320   ,    TX      ,    200004  ,    11424300  ,    8265     ,    2
20000320   ,    TX      ,    200004  ,    11434300  ,    8265     ,    2
20000320   ,    TX      ,    200004  ,    11434300  ,    8265     ,    2
20000320   ,    TX      ,    200004  ,    11462300  ,    8265     ,    1
20000320   ,    TX      ,    200004  ,    11462300  ,    8265     ,    1
20000320   ,    TX      ,    200004  ,    11483300  ,    8265     ,    1
20000320   ,    TX      ,    200004  ,    11483300  ,    8265     ,    1
20000320   ,    TX      ,    200004  ,    11522300  ,    8265     ,    1
20000320   ,    TX      ,    200004  ,    11522300  ,    8265     ,    1
20000320   ,    TX      ,    200004  ,    11531300  ,    8265     ,    1
20000320   ,    TX      ,    200004  ,    11531300  ,    8265     ,    1
20000320   ,    TX      ,    200004  ,    11532300  ,    8265     ,    1
20000320   ,    TX      ,    200004  ,    11532300  ,    8265     ,    1
20000320   ,    TX      ,    200004  ,    11541300  ,    8265     ,    2
20000320   ,    TX      ,    200004  ,    11541300  ,    8265     ,    2
20000320   ,    TX      ,    200004  ,    11543300  ,    8265     ,    1
20000320   ,    TX      ,    200004  ,    11543300  ,    8265     ,    1
20000320   ,    TX      ,    200004  ,    11555300  ,    8265     ,    1
20000320   ,    TX      ,    200004  ,    11555300  ,    8265     ,    1
20000320   ,    TX      ,    200004  ,    11590300  ,    8265     ,    1
20000320   ,    TX      ,    200004  ,    11590300  ,    8265     ,    1
20000320   ,    TX      ,    200004  ,    12004300  ,    8265     ,    1
20000320   ,    TX      ,    200004  ,    12004300  ,    8265     ,    1
20000320   ,    TX      ,    200004  ,    12005300  ,    8265     ,    1
20000320   ,    TX      ,    200004  ,    12005300  ,    8265     ,    1
20000320   ,    TX      ,    200004  ,    12022300  ,    8265     ,    1
20000320   ,    TX      ,    200004  ,    12022300  ,    8265     ,    1
20000320   ,    TX      ,    200005  ,    09000200  ,    8338     ,    1
20000320   ,    TX      ,    200005  ,    09000200  ,    8338     ,    3
20000320   ,    TX      ,    200005  ,    09000200  ,    8338     ,    1
20000320   ,    TX      ,    200005  ,    09000200  ,    8338     ,    1
20000320   ,    TX      ,    200005  ,    09001200  ,    8338     ,    1
20000320   ,    TX      ,    200005  ,    09001200  ,    8338     ,    1
20000320   ,    TX      ,    200005  ,    09270200  ,    8338     ,    1
20000320   ,    TX      ,    200005  ,    09270200  ,    8338     ,    1
20000320   ,    TX      ,    200005  ,    09325200  ,    8338     ,    1
20000320   ,    TX      ,    200005  ,    09325200  ,    8338     ,    1
20000320   ,    TX      ,    200005  ,    09443200  ,    8338     ,    1
20000320   ,    TX      ,    200005  ,    09443200  ,    8338     ,    1
20000320   ,    TX      ,    200005  ,    09461200  ,    8338     ,    1
20000320   ,    TX      ,    200005  ,    09461200  ,    8338     ,    1
20000320   ,    TX      ,    200005  ,    09492200  ,    8338     ,    1
20000320   ,    TX      ,    200005  ,    09492200  ,    8338     ,    1
20000320   ,    TX      ,    200005  ,    09502200  ,    8338     ,    1
20000320   ,    TX      ,    200005  ,    09502200  ,    8338     ,    1
20000320   ,    TX      ,    200005  ,    09504200  ,    8338     ,    1
20000320   ,    TX      ,    200005  ,    09504200  ,    8338     ,    1
20000320   ,    TX      ,    200005  ,    09505200  ,    8338     ,    1
20000320   ,    TX      ,    200005  ,    09505200  ,    8338     ,    2
20000320   ,    TX      ,    200005  ,    09505200  ,    8338     ,    1
20000320   ,    TX      ,    200005  ,    09512200  ,    8338     ,    1
20000320   ,    TX      ,    200005  ,    09512200  ,    8338     ,    1
20000320   ,    TX      ,    200005  ,    09522200  ,    8338     ,    1
20000320   ,    TX      ,    200005  ,    09522200  ,    8338     ,    1
20000320   ,    TX      ,    200005  ,    10131200  ,    8338     ,    1
20000320   ,    TX      ,    200005  ,    10131200  ,    8338     ,    1
20000320   ,    TX      ,    200005  ,    12093200  ,    8338     ,    1
20000320   ,    TX      ,    200005  ,    12093200  ,    8338     ,    1
20000320   ,    TX      ,    200005  ,    12150200  ,    8338     ,    1
20000320   ,    TX      ,    200005  ,    12150200  ,    8338     ,    1
20000320   ,    TX      ,    200006  ,    09000800  ,    8454     ,    1
20000320   ,    TX      ,    200006  ,    09000800  ,    8454     ,    1
20000320   ,    TX      ,    200006  ,    09000800  ,    8454     ,    1
20000320   ,    TX      ,    200006  ,    09000800  ,    8454     ,    1
20000320   ,    TX      ,    200006  ,    09065800  ,    8454     ,    1
20000320   ,    TX      ,    200006  ,    09065800  ,    8454     ,    1
20000320   ,    TX      ,    200006  ,    09092800  ,    8454     ,    1
20000320   ,    TX      ,    200006  ,    09092800  ,    8454     ,    1
20000320   ,    TX      ,    200006  ,    09460800  ,    8454     ,    2
20000320   ,    TX      ,    200006  ,    09460800  ,    8454     ,    1
20000320   ,    TX      ,    200006  ,    09460800  ,    8454     ,    1
20000320   ,    TX      ,    200006  ,    09483800  ,    8454     ,    1
20000320   ,    TX      ,    200006  ,    09483800  ,    8454     ,    1
20000320   ,    TX      ,    200006  ,    09483800  ,    8454     ,    2
20000320   ,    TX      ,    200006  ,    09493800  ,    8454     ,    1
20000320   ,    TX      ,    200006  ,    09493800  ,    8454     ,    1
20000320   ,    TX      ,    200006  ,    09515800  ,    8454     ,    2
20000320   ,    TX      ,    200006  ,    09515800  ,    8454     ,    2
20000320   ,    TX      ,    200009  ,    09000500  ,    8372     ,    1
20000320   ,    TX      ,    200009  ,    09000500  ,    8372     ,    1
20000320   ,    TX      ,    200009  ,    09155500  ,    8372     ,    5
20000320   ,    TX      ,    200009  ,    09155500  ,    8372     ,    4
20000320   ,    TX      ,    200009  ,    09155500  ,    8372     ,    1
20000320   ,    TX      ,    200009  ,    09164500  ,    8372     ,    1
20000320   ,    TX      ,    200009  ,    09164500  ,    8372     ,    1
20000320   ,    TX      ,    200009  ,    09194500  ,    8372     ,    1
20000320   ,    TX      ,    200009  ,    09194500  ,    8372     ,    1
20000320   ,    TX      ,    200009  ,    09351500  ,    8372     ,    1
20000320   ,    TX      ,    200009  ,    09351500  ,    8372     ,    1
20000320   ,    TX      ,    200009  ,    09362500  ,    8372     ,    1
20000320   ,    TX      ,    200009  ,    09362500  ,    8372     ,    4
20000320   ,    TX      ,    200009  ,    09362500  ,    8372     ,    3
20000320   ,    TX      ,    200009  ,    10005500  ,    8402     ,    1
20000320   ,    TX      ,    200009  ,    10005500  ,    8402     ,    1
20000320   ,    TX      ,    200009  ,    10123500  ,    8413     ,    1
20000320   ,    TX      ,    200009  ,    10123500  ,    8413     ,    1
20000320   ,    TX      ,    200009  ,    10140500  ,    8410     ,    1
20000320   ,    TX      ,    200009  ,    10140500  ,    8410     ,    1
20000320   ,    TX      ,    200009  ,    10164500  ,    8410     ,    1
20000320   ,    TX      ,    200009  ,    10164500  ,    8410     ,    1
20000320   ,    TX      ,    200009  ,    10185500  ,    8402     ,    1
20000320   ,    TX      ,    200009  ,    10185500  ,    8402     ,    1
20000320   ,    TX      ,    200009  ,    10320500  ,    8400     ,    1
20000320   ,    TX      ,    200009  ,    10320500  ,    8400     ,    1
20000320   ,    TX      ,    200009  ,    10350500  ,    8400     ,    1
20000320   ,    TX      ,    200009  ,    10350500  ,    8400     ,    1
20000320   ,    TX      ,    200009  ,    10472500  ,    8373     ,    1
20000320   ,    TX      ,    200009  ,    10472500  ,    8373     ,    1
20000320   ,    TX      ,    200009  ,    10480500  ,    8372     ,    1
20000320   ,    TX      ,    200009  ,    10480500  ,    8372     ,    1
20000320   ,    TX      ,    200009  ,    11450500  ,    8372     ,    1
20000320   ,    TX      ,    200009  ,    11450500  ,    8372     ,    1
20000320   ,    TX      ,    200009  ,    11493500  ,    8372     ,    1
20000320   ,    TX      ,    200009  ,    11493500  ,    8372     ,    1
20000320   ,    TX      ,    200009  ,    11584500  ,    8372     ,    1
20000320   ,    TX      ,    200009  ,    11584500  ,    8372     ,    1
20000320   ,    TX      ,    200009  ,    12150500  ,    8372     ,    1
20000320   ,    TX      ,    200009  ,    12150500  ,    8372     ,    2
20000320   ,    TX      ,    200009  ,    12150500  ,    8372     ,    1
20000320   ,    TX      ,    200009  ,    12150500  ,    8372     ,    1
20000320   ,    TX      ,    200009  ,    12150500  ,    8372     ,    1
